<?xml version="1.0" encoding="UTF-8" ?>
<testsuite tests="11" failures="0" name="uk.co.wowcher.service.impl.ClockServiceImplTest" time="0.014" errors="0" skipped="0">
  <properties>
    <property name="jansi.mode" value="force"/>
    <property name="java.runtime.name" value="OpenJDK Runtime Environment"/>
    <property name="sun.boot.library.path" value="/Library/Java/JavaVirtualMachines/temurin-8.jdk/Contents/Home/jre/lib"/>
    <property name="java.vm.version" value="25.332-b09"/>
    <property name="gopherProxySet" value="false"/>
    <property name="java.vm.vendor" value="Temurin"/>
    <property name="maven.multiModuleProjectDirectory" value="/Users/massimo.sposato/Documents/ws-sts/peaking-clock"/>
    <property name="java.vendor.url" value="https://adoptium.net/"/>
    <property name="path.separator" value=":"/>
    <property name="guice.disable.misplaced.annotation.check" value="true"/>
    <property name="java.vm.name" value="OpenJDK 64-Bit Server VM"/>
    <property name="file.encoding.pkg" value="sun.io"/>
    <property name="user.country" value="GB"/>
    <property name="sun.java.launcher" value="SUN_STANDARD"/>
    <property name="sun.os.patch.level" value="unknown"/>
    <property name="java.vm.specification.name" value="Java Virtual Machine Specification"/>
    <property name="user.dir" value="/Users/massimo.sposato/Documents/ws-sts/peaking-clock"/>
    <property name="java.runtime.version" value="1.8.0_332-b09"/>
    <property name="java.awt.graphicsenv" value="sun.awt.CGraphicsEnvironment"/>
    <property name="java.endorsed.dirs" value="/Library/Java/JavaVirtualMachines/temurin-8.jdk/Contents/Home/jre/lib/endorsed"/>
    <property name="os.arch" value="x86_64"/>
    <property name="java.io.tmpdir" value="/var/folders/fb/bkf8wl0x4rv80y4pfl3cj2k40000gq/T/"/>
    <property name="line.separator" value="
"/>
    <property name="java.vm.specification.vendor" value="Oracle Corporation"/>
    <property name="os.name" value="Mac OS X"/>
    <property name="classworlds.conf" value="/Users/massimo.sposato/Documents/ws-sts/.metadata/.plugins/org.eclipse.m2e.launching/launches/m2conf10495387285915857147.tmp"/>
    <property name="jansi.force" value="true"/>
    <property name="sun.jnu.encoding" value="UTF-8"/>
    <property name="java.library.path" value="/Users/massimo.sposato/Library/Java/Extensions:/Library/Java/Extensions:/Network/Library/Java/Extensions:/System/Library/Java/Extensions:/usr/lib/java:."/>
    <property name="jansi.passthrough" value="true"/>
    <property name="java.specification.name" value="Java Platform API Specification"/>
    <property name="java.class.version" value="52.0"/>
    <property name="sun.management.compiler" value="HotSpot 64-Bit Tiered Compilers"/>
    <property name="os.version" value="10.16"/>
    <property name="user.home" value="/Users/massimo.sposato"/>
    <property name="user.timezone" value="Europe/London"/>
    <property name="java.awt.printerjob" value="sun.lwawt.macosx.CPrinterJob"/>
    <property name="java.specification.version" value="1.8"/>
    <property name="file.encoding" value="UTF-8"/>
    <property name="user.name" value="massimo.sposato"/>
    <property name="java.class.path" value="/Users/massimo.sposato/Documents/apache-maven-3.8.6/boot/plexus-classworlds-2.6.0.jar"/>
    <property name="java.vm.specification.version" value="1.8"/>
    <property name="sun.arch.data.model" value="64"/>
    <property name="java.home" value="/Library/Java/JavaVirtualMachines/temurin-8.jdk/Contents/Home/jre"/>
    <property name="sun.java.command" value="org.codehaus.plexus.classworlds.launcher.Launcher -B -Dstyle.color=always install -Dstyle.color=always -Dstyle.color=always"/>
    <property name="java.specification.vendor" value="Oracle Corporation"/>
    <property name="user.language" value="en"/>
    <property name="awt.toolkit" value="sun.lwawt.macosx.LWCToolkit"/>
    <property name="java.vm.info" value="mixed mode"/>
    <property name="java.version" value="1.8.0_332"/>
    <property name="java.ext.dirs" value="/Users/massimo.sposato/Library/Java/Extensions:/Library/Java/JavaVirtualMachines/temurin-8.jdk/Contents/Home/jre/lib/ext:/Library/Java/Extensions:/Network/Library/Java/Extensions:/System/Library/Java/Extensions:/usr/lib/java"/>
    <property name="sun.boot.class.path" value="/Library/Java/JavaVirtualMachines/temurin-8.jdk/Contents/Home/jre/lib/resources.jar:/Library/Java/JavaVirtualMachines/temurin-8.jdk/Contents/Home/jre/lib/rt.jar:/Library/Java/JavaVirtualMachines/temurin-8.jdk/Contents/Home/jre/lib/sunrsasign.jar:/Library/Java/JavaVirtualMachines/temurin-8.jdk/Contents/Home/jre/lib/jsse.jar:/Library/Java/JavaVirtualMachines/temurin-8.jdk/Contents/Home/jre/lib/jce.jar:/Library/Java/JavaVirtualMachines/temurin-8.jdk/Contents/Home/jre/lib/charsets.jar:/Library/Java/JavaVirtualMachines/temurin-8.jdk/Contents/Home/jre/lib/jfr.jar:/Library/Java/JavaVirtualMachines/temurin-8.jdk/Contents/Home/jre/classes"/>
    <property name="java.vendor" value="Temurin"/>
    <property name="maven.home" value="/Users/massimo.sposato/Documents/apache-maven-3.8.6"/>
    <property name="style.color" value="always"/>
    <property name="file.separator" value="/"/>
    <property name="java.vendor.url.bug" value="https://github.com/adoptium/adoptium-support/issues"/>
    <property name="sun.cpu.endian" value="little"/>
    <property name="sun.io.unicode.encoding" value="UnicodeBig"/>
    <property name="sun.cpu.isalist" value=""/>
  </properties>
  <testcase classname="uk.co.wowcher.service.impl.ClockServiceImplTest" name="testCheckValidation_Midnight" time="0.007"/>
  <testcase classname="uk.co.wowcher.service.impl.ClockServiceImplTest" name="testFalseValidation" time="0"/>
  <testcase classname="uk.co.wowcher.service.impl.ClockServiceImplTest" name="testValidation_24H" time="0.001"/>
  <testcase classname="uk.co.wowcher.service.impl.ClockServiceImplTest" name="testCheckHours" time="0.001"/>
  <testcase classname="uk.co.wowcher.service.impl.ClockServiceImplTest" name="testValidation" time="0.001"/>
  <testcase classname="uk.co.wowcher.service.impl.ClockServiceImplTest" name="testCheckValidation_MiddayError" time="0.001"/>
  <testcase classname="uk.co.wowcher.service.impl.ClockServiceImplTest" name="testConvertTimeToWords" time="0.001"/>
  <testcase classname="uk.co.wowcher.service.impl.ClockServiceImplTest" name="testValidationMaptensToFifty" time="0.001"/>
  <testcase classname="uk.co.wowcher.service.impl.ClockServiceImplTest" name="testValidationMapOneToNine" time="0.001"/>
  <testcase classname="uk.co.wowcher.service.impl.ClockServiceImplTest" name="testCheckValidation_Midday" time="0"/>
  <testcase classname="uk.co.wowcher.service.impl.ClockServiceImplTest" name="testValidationMapOneTenToNineteen" time="0"/>
</testsuite>